

Microchip MPLAB XC8 Assembler V2.32 build 20210201212658 
                                                                                               Sat Jul 31 22:07:35 2021

Microchip MPLAB XC8 C Compiler v2.32 (Free license) build 20210201212658 Og1 
     1                           	processor	16F887
     2                           	pagewidth 120
     3                           	opt	flic
     4                           	psect	cinit,global,class=CODE,merge=1,delta=2
     5                           	psect	cstackCOMMON,global,class=COMMON,space=1,delta=1,noexec
     6                           	psect	cstackBANK0,global,class=BANK0,space=1,delta=1,noexec
     7                           	psect	maintext,global,class=CODE,split=1,delta=2
     8                           	psect	text1,local,class=CODE,merge=1,delta=2,group=1
     9                           	psect	text2,local,class=CODE,merge=1,delta=2,group=1
    10                           	psect	text3,local,class=CODE,merge=1,delta=2
    11                           	psect	intentry,global,class=CODE,delta=2
    12                           	psect	config,global,abs,ovrld,class=CONFIG,space=4,delta=2,noexec
    13                           	dabs	1,0x7E,2
    14  0000                     
    15                           ; Version 2.32
    16                           ; Generated 02/02/2021 GMT
    17                           ; 
    18                           ; Copyright © 2021, Microchip Technology Inc. and its subsidiaries ("Microchip")
    19                           ; All rights reserved.
    20                           ; 
    21                           ; This software is developed by Microchip Technology Inc. and its subsidiaries ("Microch
      +                          ip").
    22                           ; 
    23                           ; Redistribution and use in source and binary forms, with or without modification, are
    24                           ; permitted provided that the following conditions are met:
    25                           ; 
    26                           ;     1. Redistributions of source code must retain the above copyright notice, this lis
      +                          t of
    27                           ;        conditions and the following disclaimer.
    28                           ; 
    29                           ;     2. Redistributions in binary form must reproduce the above copyright notice, this 
      +                          list
    30                           ;        of conditions and the following disclaimer in the documentation and/or other
    31                           ;        materials provided with the distribution. Publication is not required when
    32                           ;        this file is used in an embedded application.
    33                           ; 
    34                           ;     3. Microchip's name may not be used to endorse or promote products derived from th
      +                          is
    35                           ;        software without specific prior written permission.
    36                           ; 
    37                           ; THIS SOFTWARE IS PROVIDED BY MICROCHIP "AS IS" AND ANY EXPRESS OR IMPLIED WARRANTIES,
    38                           ; INCLUDING, BUT NOT LIMITED TO, THE IMPLIED WARRANTIES OF MERCHANTABILITY AND FITNESS F
      +                          OR
    39                           ; PURPOSE ARE DISCLAIMED.  IN NO EVENT SHALL MICROCHIP BE LIABLE FOR ANY DIRECT, INDIREC
      +                          T,
    40                           ; INCIDENTAL, SPECIAL, EXEMPLARY, OR CONSEQUENTIAL DAMAGES (INCLUDING BUT NOT LIMITED TO
    41                           ; PROCUREMENT OF SUBSTITUTE GOODS OR SERVICES; LOSS OF USE, DATA OR PROFITS; OR BUSINESS
    42                           ; INTERRUPTION) HOWSOEVER CAUSED AND ON ANY THEORY OF LIABILITY, WHETHER IN CONTRACT, ST
      +                          RICT
    43                           ; LIABILITY, OR TORT (INCLUDING NEGLIGENCE OR OTHERWISE) ARISING IN ANY WAY OUT OF THE U
      +                          SE OF
    44                           ; THIS SOFTWARE, EVEN IF ADVISED OF THE POSSIBILITY OF SUCH DAMAGE.
    45                           ; 
    46                           ; 
    47                           ; Code-generator required, PIC16F887 Definitions
    48                           ; 
    49                           ; SFR Addresses
    50  0000                     	;# 
    51  0001                     	;# 
    52  0002                     	;# 
    53  0003                     	;# 
    54  0004                     	;# 
    55  0005                     	;# 
    56  0006                     	;# 
    57  0007                     	;# 
    58  0008                     	;# 
    59  0009                     	;# 
    60  000A                     	;# 
    61  000B                     	;# 
    62  000C                     	;# 
    63  000D                     	;# 
    64  000E                     	;# 
    65  000E                     	;# 
    66  000F                     	;# 
    67  0010                     	;# 
    68  0011                     	;# 
    69  0012                     	;# 
    70  0013                     	;# 
    71  0014                     	;# 
    72  0015                     	;# 
    73  0015                     	;# 
    74  0016                     	;# 
    75  0017                     	;# 
    76  0018                     	;# 
    77  0019                     	;# 
    78  001A                     	;# 
    79  001B                     	;# 
    80  001B                     	;# 
    81  001C                     	;# 
    82  001D                     	;# 
    83  001E                     	;# 
    84  001F                     	;# 
    85  0081                     	;# 
    86  0085                     	;# 
    87  0086                     	;# 
    88  0087                     	;# 
    89  0088                     	;# 
    90  0089                     	;# 
    91  008C                     	;# 
    92  008D                     	;# 
    93  008E                     	;# 
    94  008F                     	;# 
    95  0090                     	;# 
    96  0091                     	;# 
    97  0092                     	;# 
    98  0093                     	;# 
    99  0093                     	;# 
   100  0093                     	;# 
   101  0094                     	;# 
   102  0095                     	;# 
   103  0096                     	;# 
   104  0097                     	;# 
   105  0098                     	;# 
   106  0099                     	;# 
   107  009A                     	;# 
   108  009B                     	;# 
   109  009C                     	;# 
   110  009D                     	;# 
   111  009E                     	;# 
   112  009F                     	;# 
   113  0105                     	;# 
   114  0107                     	;# 
   115  0108                     	;# 
   116  0109                     	;# 
   117  010C                     	;# 
   118  010C                     	;# 
   119  010D                     	;# 
   120  010E                     	;# 
   121  010F                     	;# 
   122  0185                     	;# 
   123  0187                     	;# 
   124  0188                     	;# 
   125  0189                     	;# 
   126  018C                     	;# 
   127  018D                     	;# 
   128  0000                     	;# 
   129  0001                     	;# 
   130  0002                     	;# 
   131  0003                     	;# 
   132  0004                     	;# 
   133  0005                     	;# 
   134  0006                     	;# 
   135  0007                     	;# 
   136  0008                     	;# 
   137  0009                     	;# 
   138  000A                     	;# 
   139  000B                     	;# 
   140  000C                     	;# 
   141  000D                     	;# 
   142  000E                     	;# 
   143  000E                     	;# 
   144  000F                     	;# 
   145  0010                     	;# 
   146  0011                     	;# 
   147  0012                     	;# 
   148  0013                     	;# 
   149  0014                     	;# 
   150  0015                     	;# 
   151  0015                     	;# 
   152  0016                     	;# 
   153  0017                     	;# 
   154  0018                     	;# 
   155  0019                     	;# 
   156  001A                     	;# 
   157  001B                     	;# 
   158  001B                     	;# 
   159  001C                     	;# 
   160  001D                     	;# 
   161  001E                     	;# 
   162  001F                     	;# 
   163  0081                     	;# 
   164  0085                     	;# 
   165  0086                     	;# 
   166  0087                     	;# 
   167  0088                     	;# 
   168  0089                     	;# 
   169  008C                     	;# 
   170  008D                     	;# 
   171  008E                     	;# 
   172  008F                     	;# 
   173  0090                     	;# 
   174  0091                     	;# 
   175  0092                     	;# 
   176  0093                     	;# 
   177  0093                     	;# 
   178  0093                     	;# 
   179  0094                     	;# 
   180  0095                     	;# 
   181  0096                     	;# 
   182  0097                     	;# 
   183  0098                     	;# 
   184  0099                     	;# 
   185  009A                     	;# 
   186  009B                     	;# 
   187  009C                     	;# 
   188  009D                     	;# 
   189  009E                     	;# 
   190  009F                     	;# 
   191  0105                     	;# 
   192  0107                     	;# 
   193  0108                     	;# 
   194  0109                     	;# 
   195  010C                     	;# 
   196  010C                     	;# 
   197  010D                     	;# 
   198  010E                     	;# 
   199  010F                     	;# 
   200  0185                     	;# 
   201  0187                     	;# 
   202  0188                     	;# 
   203  0189                     	;# 
   204  018C                     	;# 
   205  018D                     	;# 
   206  001E                     _ADRESH	set	30
   207  000B                     _INTCON	set	11
   208  001F                     _ADCON0bits	set	31
   209  0001                     _TMR0	set	1
   210  000B                     _INTCONbits	set	11
   211  009E                     _ADRESL	set	158
   212  0081                     _OPTION_REG	set	129
   213  009F                     _ADCON1	set	159
   214  0085                     _TRISA	set	133
   215                           
   216                           	psect	cinit
   217  000F                     start_initialization:	
   218                           ; #config settings
   219                           
   220  000F                     __initialization:
   221  000F                     end_of_initialization:	
   222                           ;End of C runtime variable initialization code
   223                           
   224  000F                     __end_of__initialization:
   225  000F  0183               	clrf	3
   226  0010  120A  118A  2AAC   	ljmp	_main	;jump to C main() function
   227                           
   228                           	psect	cstackCOMMON
   229  0070                     __pcstackCOMMON:
   230  0070                     ?_my_isr_routine:
   231  0070                     ??_my_isr_routine:	
   232                           ; 1 bytes @ 0x0
   233                           
   234  0070                     ?_main:	
   235                           ; 1 bytes @ 0x0
   236                           
   237                           
   238                           ; 1 bytes @ 0x0
   239  0070                     	ds	3
   240  0073                     ?___xxtofl:
   241  0073                     ___xxtofl@val:	
   242                           ; 4 bytes @ 0x3
   243                           
   244                           
   245                           ; 4 bytes @ 0x3
   246  0073                     	ds	4
   247  0077                     ??___xxtofl:
   248                           
   249                           ; 1 bytes @ 0x7
   250  0077                     	ds	4
   251  007B                     ??_main:
   252                           
   253                           	psect	cstackBANK0
   254  0020                     __pcstackBANK0:	
   255                           ; 1 bytes @ 0xB
   256                           
   257  0020                     ___xxtofl@sign:
   258                           
   259                           ; 1 bytes @ 0x0
   260  0020                     	ds	1
   261  0021                     ___xxtofl@exp:
   262                           
   263                           ; 1 bytes @ 0x1
   264  0021                     	ds	1
   265  0022                     ___xxtofl@arg:
   266                           
   267                           ; 4 bytes @ 0x2
   268  0022                     	ds	4
   269  0026                     ?___fldiv:
   270  0026                     ___fldiv@a:	
   271                           ; 4 bytes @ 0x6
   272                           
   273                           
   274                           ; 4 bytes @ 0x6
   275  0026                     	ds	4
   276  002A                     ___fldiv@b:
   277                           
   278                           ; 4 bytes @ 0xA
   279  002A                     	ds	4
   280  002E                     ??___fldiv:
   281                           
   282                           ; 1 bytes @ 0xE
   283  002E                     	ds	5
   284  0033                     ___fldiv@rem:
   285                           
   286                           ; 4 bytes @ 0x13
   287  0033                     	ds	4
   288  0037                     ___fldiv@sign:
   289                           
   290                           ; 1 bytes @ 0x17
   291  0037                     	ds	1
   292  0038                     ___fldiv@new_exp:
   293                           
   294                           ; 2 bytes @ 0x18
   295  0038                     	ds	2
   296  003A                     ___fldiv@grs:
   297                           
   298                           ; 4 bytes @ 0x1A
   299  003A                     	ds	4
   300  003E                     ___fldiv@bexp:
   301                           
   302                           ; 1 bytes @ 0x1E
   303  003E                     	ds	1
   304  003F                     ___fldiv@aexp:
   305                           
   306                           ; 1 bytes @ 0x1F
   307  003F                     	ds	1
   308  0040                     main@ADC:
   309                           
   310                           ; 2 bytes @ 0x20
   311  0040                     	ds	2
   312                           
   313                           	psect	maintext
   314  02AC                     __pmaintext:	
   315 ;;
   316 ;;Main: autosize = 0, tempsize = 0, incstack = 0, save=0
   317 ;;
   318 ;; *************** function _main *****************
   319 ;; Defined at:
   320 ;;		line 44 in file "newmain.c"
   321 ;; Parameters:    Size  Location     Type
   322 ;;		None
   323 ;; Auto vars:     Size  Location     Type
   324 ;;  tensao          4    0        
   325 ;;  ADC             2   32[BANK0 ] int 
   326 ;; Return value:  Size  Location     Type
   327 ;;                  1    wreg      void 
   328 ;; Registers used:
   329 ;;		wreg, status,2, status,0, btemp+1, pclath, cstack
   330 ;; Tracked objects:
   331 ;;		On entry : B00/0
   332 ;;		On exit  : 0/0
   333 ;;		Unchanged: 0/0
   334 ;; Data sizes:     COMMON   BANK0   BANK1   BANK3   BANK2
   335 ;;      Params:         0       0       0       0       0
   336 ;;      Locals:         0       2       0       0       0
   337 ;;      Temps:          0       0       0       0       0
   338 ;;      Totals:         0       2       0       0       0
   339 ;;Total ram usage:        2 bytes
   340 ;; Hardware stack levels required when called: 2
   341 ;; This function calls:
   342 ;;		___fldiv
   343 ;;		___xxtofl
   344 ;; This function is called by:
   345 ;;		Startup code after reset
   346 ;; This function uses a non-reentrant model
   347 ;;
   348                           
   349                           
   350                           ;psect for function _main
   351  02AC                     _main:
   352  02AC                     l1017:	
   353                           ;incstack = 0
   354                           ; Regs used in _main: [wreg+status,2+status,0+btemp+1+pclath+cstack]
   355                           
   356                           
   357                           ;newmain.c: 45:     int ADC;;newmain.c: 46:     double tensao;;newmain.c: 47:     TRISA 
      +                          =0b00000001;
   358  02AC  3001               	movlw	1
   359  02AD  1683               	bsf	3,5	;RP0=1, select bank1
   360  02AE  1303               	bcf	3,6	;RP1=0, select bank1
   361  02AF  0085               	movwf	5	;volatile
   362                           
   363                           ;newmain.c: 48:     ADCON1 =0b10001110;
   364  02B0  308E               	movlw	142
   365  02B1  009F               	movwf	31	;volatile
   366                           
   367                           ;newmain.c: 49:     INTCON =0b10100000;
   368  02B2  30A0               	movlw	160
   369  02B3  008B               	movwf	11	;volatile
   370                           
   371                           ;newmain.c: 50:     OPTION_REG =0b11010111;
   372  02B4  30D7               	movlw	215
   373  02B5  0081               	movwf	1	;volatile
   374  02B6                     l34:	
   375                           ;newmain.c: 51:     while(1){
   376                           
   377                           
   378                           ;newmain.c: 52:         ADC=ADRESL + (ADRESH*256);
   379  02B6  1283               	bcf	3,5	;RP0=0, select bank0
   380  02B7  1303               	bcf	3,6	;RP1=0, select bank0
   381  02B8  081E               	movf	30,w	;volatile
   382  02B9  00C1               	movwf	main@ADC+1
   383  02BA  1683               	bsf	3,5	;RP0=1, select bank1
   384  02BB  1303               	bcf	3,6	;RP1=0, select bank1
   385  02BC  081E               	movf	30,w	;volatile
   386  02BD  1283               	bcf	3,5	;RP0=0, select bank0
   387  02BE  1303               	bcf	3,6	;RP1=0, select bank0
   388  02BF  00C0               	movwf	main@ADC
   389  02C0                     l1019:
   390  02C0  3043               	movlw	67
   391  02C1  00A9               	movwf	___fldiv@a+3
   392  02C2  304C               	movlw	76
   393  02C3  00A8               	movwf	___fldiv@a+2
   394  02C4  30CC               	movlw	204
   395  02C5  00A7               	movwf	___fldiv@a+1
   396  02C6  30CD               	movlw	205
   397  02C7  00A6               	movwf	___fldiv@a
   398  02C8  0840               	movf	main@ADC,w
   399  02C9  00F3               	movwf	___xxtofl@val
   400  02CA  0841               	movf	main@ADC+1,w
   401  02CB  00F4               	movwf	___xxtofl@val+1
   402  02CC  3000               	movlw	0
   403  02CD  1BF4               	btfsc	___xxtofl@val+1,7
   404  02CE  30FF               	movlw	255
   405  02CF  00F5               	movwf	___xxtofl@val+2
   406  02D0  00F6               	movwf	___xxtofl@val+3
   407  02D1  3001               	movlw	1
   408  02D2  120A  118A  21F0  120A  118A  	fcall	___xxtofl
   409  02D7  0876               	movf	?___xxtofl+3,w
   410  02D8  1283               	bcf	3,5	;RP0=0, select bank0
   411  02D9  1303               	bcf	3,6	;RP1=0, select bank0
   412  02DA  00AD               	movwf	___fldiv@b+3
   413  02DB  0875               	movf	?___xxtofl+2,w
   414  02DC  00AC               	movwf	___fldiv@b+2
   415  02DD  0874               	movf	?___xxtofl+1,w
   416  02DE  00AB               	movwf	___fldiv@b+1
   417  02DF  0873               	movf	?___xxtofl,w
   418  02E0  00AA               	movwf	___fldiv@b
   419  02E1  120A  118A  2013  120A  118A  	fcall	___fldiv
   420  02E6  2AB6               	goto	l34
   421  02E7  120A  118A  280C   	ljmp	start
   422  02EA                     __end_of_main:
   423                           
   424                           	psect	text1
   425  01F0                     __ptext1:	
   426 ;; *************** function ___xxtofl *****************
   427 ;; Defined at:
   428 ;;		line 10 in file "C:\Program Files\Microchip\xc8\v2.32\pic\sources\c90\common\xxtofl.c"
   429 ;; Parameters:    Size  Location     Type
   430 ;;  sign            1    wreg     unsigned char 
   431 ;;  val             4    3[COMMON] long 
   432 ;; Auto vars:     Size  Location     Type
   433 ;;  sign            1    0[BANK0 ] unsigned char 
   434 ;;  arg             4    2[BANK0 ] unsigned long 
   435 ;;  exp             1    1[BANK0 ] unsigned char 
   436 ;; Return value:  Size  Location     Type
   437 ;;                  4    3[COMMON] unsigned char 
   438 ;; Registers used:
   439 ;;		wreg, status,2, status,0
   440 ;; Tracked objects:
   441 ;;		On entry : 0/0
   442 ;;		On exit  : 0/0
   443 ;;		Unchanged: 0/0
   444 ;; Data sizes:     COMMON   BANK0   BANK1   BANK3   BANK2
   445 ;;      Params:         4       0       0       0       0
   446 ;;      Locals:         0       6       0       0       0
   447 ;;      Temps:          4       0       0       0       0
   448 ;;      Totals:         8       6       0       0       0
   449 ;;Total ram usage:       14 bytes
   450 ;; Hardware stack levels used: 1
   451 ;; Hardware stack levels required when called: 1
   452 ;; This function calls:
   453 ;;		Nothing
   454 ;; This function is called by:
   455 ;;		_main
   456 ;; This function uses a non-reentrant model
   457 ;;
   458                           
   459                           
   460                           ;psect for function ___xxtofl
   461  01F0                     ___xxtofl:
   462                           
   463                           ;incstack = 0
   464                           ; Regs used in ___xxtofl: [wreg+status,2+status,0]
   465                           ;___xxtofl@sign stored from wreg
   466  01F0  1283               	bcf	3,5	;RP0=0, select bank0
   467  01F1  1303               	bcf	3,6	;RP1=0, select bank0
   468  01F2  00A0               	movwf	___xxtofl@sign
   469  01F3                     l973:
   470  01F3  0820               	movf	___xxtofl@sign,w
   471  01F4  1903               	btfsc	3,2
   472  01F5  29F7               	goto	u751
   473  01F6  29F8               	goto	u750
   474  01F7                     u751:
   475  01F7  2A0C               	goto	l979
   476  01F8                     u750:
   477  01F8                     l975:
   478  01F8  1FF6               	btfss	___xxtofl@val+3,7
   479  01F9  29FB               	goto	u761
   480  01FA  29FC               	goto	u760
   481  01FB                     u761:
   482  01FB  2A0C               	goto	l979
   483  01FC                     u760:
   484  01FC                     l977:
   485  01FC  0973               	comf	___xxtofl@val,w
   486  01FD  00A2               	movwf	___xxtofl@arg
   487  01FE  0974               	comf	___xxtofl@val+1,w
   488  01FF  00A3               	movwf	___xxtofl@arg+1
   489  0200  0975               	comf	___xxtofl@val+2,w
   490  0201  00A4               	movwf	___xxtofl@arg+2
   491  0202  0976               	comf	___xxtofl@val+3,w
   492  0203  00A5               	movwf	___xxtofl@arg+3
   493  0204  0AA2               	incf	___xxtofl@arg,f
   494  0205  1903               	skipnz
   495  0206  0AA3               	incf	___xxtofl@arg+1,f
   496  0207  1903               	skipnz
   497  0208  0AA4               	incf	___xxtofl@arg+2,f
   498  0209  1903               	skipnz
   499  020A  0AA5               	incf	___xxtofl@arg+3,f
   500  020B  2A14               	goto	l556
   501  020C                     l979:
   502  020C  0876               	movf	___xxtofl@val+3,w
   503  020D  00A5               	movwf	___xxtofl@arg+3
   504  020E  0875               	movf	___xxtofl@val+2,w
   505  020F  00A4               	movwf	___xxtofl@arg+2
   506  0210  0874               	movf	___xxtofl@val+1,w
   507  0211  00A3               	movwf	___xxtofl@arg+1
   508  0212  0873               	movf	___xxtofl@val,w
   509  0213  00A2               	movwf	___xxtofl@arg
   510  0214                     l556:
   511  0214  0876               	movf	___xxtofl@val+3,w
   512  0215  0475               	iorwf	___xxtofl@val+2,w
   513  0216  0474               	iorwf	___xxtofl@val+1,w
   514  0217  0473               	iorwf	___xxtofl@val,w
   515  0218  1D03               	skipz
   516  0219  2A1B               	goto	u771
   517  021A  2A1C               	goto	u770
   518  021B                     u771:
   519  021B  2A25               	goto	l985
   520  021C                     u770:
   521  021C                     l981:
   522  021C  3000               	movlw	0
   523  021D  00F6               	movwf	?___xxtofl+3
   524  021E  3000               	movlw	0
   525  021F  00F5               	movwf	?___xxtofl+2
   526  0220  3000               	movlw	0
   527  0221  00F4               	movwf	?___xxtofl+1
   528  0222  3000               	movlw	0
   529  0223  00F3               	movwf	?___xxtofl
   530  0224  2AAB               	goto	l558
   531  0225                     l985:
   532  0225  3096               	movlw	150
   533  0226  00F7               	movwf	??___xxtofl
   534  0227  0877               	movf	??___xxtofl,w
   535  0228  00A1               	movwf	___xxtofl@exp
   536  0229  2A37               	goto	l989
   537  022A                     l987:
   538  022A  3001               	movlw	1
   539  022B  00F7               	movwf	??___xxtofl
   540  022C  0877               	movf	??___xxtofl,w
   541  022D  07A1               	addwf	___xxtofl@exp,f
   542  022E  3001               	movlw	1
   543  022F                     u785:
   544  022F  1003               	clrc
   545  0230  0CA5               	rrf	___xxtofl@arg+3,f
   546  0231  0CA4               	rrf	___xxtofl@arg+2,f
   547  0232  0CA3               	rrf	___xxtofl@arg+1,f
   548  0233  0CA2               	rrf	___xxtofl@arg,f
   549  0234  3EFF               	addlw	-1
   550  0235  1D03               	skipz
   551  0236  2A2F               	goto	u785
   552  0237                     l989:
   553  0237  30FE               	movlw	254
   554  0238  0525               	andwf	___xxtofl@arg+3,w
   555  0239  1D03               	btfss	3,2
   556  023A  2A3C               	goto	u791
   557  023B  2A3D               	goto	u790
   558  023C                     u791:
   559  023C  2A2A               	goto	l987
   560  023D                     u790:
   561  023D  2A59               	goto	l562
   562  023E                     l991:
   563  023E  3001               	movlw	1
   564  023F  00F7               	movwf	??___xxtofl
   565  0240  0877               	movf	??___xxtofl,w
   566  0241  07A1               	addwf	___xxtofl@exp,f
   567  0242                     l993:
   568  0242  3001               	movlw	1
   569  0243  07A2               	addwf	___xxtofl@arg,f
   570  0244  3000               	movlw	0
   571  0245  1803               	skipnc
   572  0246  3001               	movlw	1
   573  0247  07A3               	addwf	___xxtofl@arg+1,f
   574  0248  3000               	movlw	0
   575  0249  1803               	skipnc
   576  024A  3001               	movlw	1
   577  024B  07A4               	addwf	___xxtofl@arg+2,f
   578  024C  3000               	movlw	0
   579  024D  1803               	skipnc
   580  024E  3001               	movlw	1
   581  024F  07A5               	addwf	___xxtofl@arg+3,f
   582  0250                     l995:
   583  0250  3001               	movlw	1
   584  0251                     u805:
   585  0251  1003               	clrc
   586  0252  0CA5               	rrf	___xxtofl@arg+3,f
   587  0253  0CA4               	rrf	___xxtofl@arg+2,f
   588  0254  0CA3               	rrf	___xxtofl@arg+1,f
   589  0255  0CA2               	rrf	___xxtofl@arg,f
   590  0256  3EFF               	addlw	-1
   591  0257  1D03               	skipz
   592  0258  2A51               	goto	u805
   593  0259                     l562:
   594  0259  30FF               	movlw	255
   595  025A  0525               	andwf	___xxtofl@arg+3,w
   596  025B  1D03               	btfss	3,2
   597  025C  2A5E               	goto	u811
   598  025D  2A5F               	goto	u810
   599  025E                     u811:
   600  025E  2A3E               	goto	l991
   601  025F                     u810:
   602  025F  2A6B               	goto	l999
   603  0260                     l997:
   604  0260  3001               	movlw	1
   605  0261  02A1               	subwf	___xxtofl@exp,f
   606  0262  3001               	movlw	1
   607  0263  00F7               	movwf	??___xxtofl
   608  0264                     u825:
   609  0264  1003               	clrc
   610  0265  0DA2               	rlf	___xxtofl@arg,f
   611  0266  0DA3               	rlf	___xxtofl@arg+1,f
   612  0267  0DA4               	rlf	___xxtofl@arg+2,f
   613  0268  0DA5               	rlf	___xxtofl@arg+3,f
   614  0269  0BF7               	decfsz	??___xxtofl,f
   615  026A  2A64               	goto	u825
   616  026B                     l999:
   617  026B  1BA4               	btfsc	___xxtofl@arg+2,7
   618  026C  2A6E               	goto	u831
   619  026D  2A6F               	goto	u830
   620  026E                     u831:
   621  026E  2A75               	goto	l569
   622  026F                     u830:
   623  026F                     l1001:
   624  026F  3002               	movlw	2
   625  0270  0221               	subwf	___xxtofl@exp,w
   626  0271  1803               	skipnc
   627  0272  2A74               	goto	u841
   628  0273  2A75               	goto	u840
   629  0274                     u841:
   630  0274  2A60               	goto	l997
   631  0275                     u840:
   632  0275                     l569:
   633  0275  1821               	btfsc	___xxtofl@exp,0
   634  0276  2A78               	goto	u851
   635  0277  2A79               	goto	u850
   636  0278                     u851:
   637  0278  2A81               	goto	l570
   638  0279                     u850:
   639  0279                     l1003:
   640  0279  30FF               	movlw	255
   641  027A  05A2               	andwf	___xxtofl@arg,f
   642  027B  30FF               	movlw	255
   643  027C  05A3               	andwf	___xxtofl@arg+1,f
   644  027D  307F               	movlw	127
   645  027E  05A4               	andwf	___xxtofl@arg+2,f
   646  027F  30FF               	movlw	255
   647  0280  05A5               	andwf	___xxtofl@arg+3,f
   648  0281                     l570:
   649  0281  1003               	clrc
   650  0282  0CA1               	rrf	___xxtofl@exp,f
   651  0283                     l1005:
   652  0283  0821               	movf	___xxtofl@exp,w
   653  0284  00F7               	movwf	??___xxtofl
   654  0285  01F8               	clrf	??___xxtofl+1
   655  0286  01F9               	clrf	??___xxtofl+2
   656  0287  01FA               	clrf	??___xxtofl+3
   657  0288  3018               	movlw	24
   658  0289                     u865:
   659  0289  1003               	clrc
   660  028A  0DF7               	rlf	??___xxtofl,f
   661  028B  0DF8               	rlf	??___xxtofl+1,f
   662  028C  0DF9               	rlf	??___xxtofl+2,f
   663  028D  0DFA               	rlf	??___xxtofl+3,f
   664  028E                     u860:
   665  028E  3EFF               	addlw	-1
   666  028F  1D03               	skipz
   667  0290  2A89               	goto	u865
   668  0291  0877               	movf	??___xxtofl,w
   669  0292  04A2               	iorwf	___xxtofl@arg,f
   670  0293  0878               	movf	??___xxtofl+1,w
   671  0294  04A3               	iorwf	___xxtofl@arg+1,f
   672  0295  0879               	movf	??___xxtofl+2,w
   673  0296  04A4               	iorwf	___xxtofl@arg+2,f
   674  0297  087A               	movf	??___xxtofl+3,w
   675  0298  04A5               	iorwf	___xxtofl@arg+3,f
   676  0299                     l1007:
   677  0299  0820               	movf	___xxtofl@sign,w
   678  029A  1903               	btfsc	3,2
   679  029B  2A9D               	goto	u871
   680  029C  2A9E               	goto	u870
   681  029D                     u871:
   682  029D  2AA3               	goto	l1013
   683  029E                     u870:
   684  029E                     l1009:
   685  029E  1FF6               	btfss	___xxtofl@val+3,7
   686  029F  2AA1               	goto	u881
   687  02A0  2AA2               	goto	u880
   688  02A1                     u881:
   689  02A1  2AA3               	goto	l1013
   690  02A2                     u880:
   691  02A2                     l1011:
   692  02A2  17A5               	bsf	___xxtofl@arg+3,7
   693  02A3                     l1013:
   694  02A3  0825               	movf	___xxtofl@arg+3,w
   695  02A4  00F6               	movwf	?___xxtofl+3
   696  02A5  0824               	movf	___xxtofl@arg+2,w
   697  02A6  00F5               	movwf	?___xxtofl+2
   698  02A7  0823               	movf	___xxtofl@arg+1,w
   699  02A8  00F4               	movwf	?___xxtofl+1
   700  02A9  0822               	movf	___xxtofl@arg,w
   701  02AA  00F3               	movwf	?___xxtofl
   702  02AB                     l558:
   703  02AB  0008               	return
   704  02AC                     __end_of___xxtofl:
   705                           
   706                           	psect	text2
   707  0013                     __ptext2:	
   708 ;; *************** function ___fldiv *****************
   709 ;; Defined at:
   710 ;;		line 8 in file "C:\Program Files\Microchip\xc8\v2.32\pic\sources\c90\common\sprcdiv.c"
   711 ;; Parameters:    Size  Location     Type
   712 ;;  a               4    6[BANK0 ] unsigned char 
   713 ;;  b               4   10[BANK0 ] unsigned char 
   714 ;; Auto vars:     Size  Location     Type
   715 ;;  grs             4   26[BANK0 ] unsigned long 
   716 ;;  rem             4   19[BANK0 ] unsigned long 
   717 ;;  new_exp         2   24[BANK0 ] int 
   718 ;;  aexp            1   31[BANK0 ] unsigned char 
   719 ;;  bexp            1   30[BANK0 ] unsigned char 
   720 ;;  sign            1   23[BANK0 ] unsigned char 
   721 ;; Return value:  Size  Location     Type
   722 ;;                  4    6[BANK0 ] unsigned char 
   723 ;; Registers used:
   724 ;;		wreg, status,2, status,0, btemp+1
   725 ;; Tracked objects:
   726 ;;		On entry : 0/0
   727 ;;		On exit  : 0/0
   728 ;;		Unchanged: 0/0
   729 ;; Data sizes:     COMMON   BANK0   BANK1   BANK3   BANK2
   730 ;;      Params:         0       8       0       0       0
   731 ;;      Locals:         0      13       0       0       0
   732 ;;      Temps:          0       5       0       0       0
   733 ;;      Totals:         0      26       0       0       0
   734 ;;Total ram usage:       26 bytes
   735 ;; Hardware stack levels used: 1
   736 ;; Hardware stack levels required when called: 1
   737 ;; This function calls:
   738 ;;		Nothing
   739 ;; This function is called by:
   740 ;;		_main
   741 ;; This function uses a non-reentrant model
   742 ;;
   743                           
   744                           
   745                           ;psect for function ___fldiv
   746  0013                     ___fldiv:
   747  0013                     l831:	
   748                           ;incstack = 0
   749                           ; Regs used in ___fldiv: [wreg+status,2+status,0+btemp+1]
   750                           
   751  0013  1283               	bcf	3,5	;RP0=0, select bank0
   752  0014  1303               	bcf	3,6	;RP1=0, select bank0
   753  0015  082D               	movf	___fldiv@b+3,w
   754  0016  3980               	andlw	128
   755  0017  00AE               	movwf	??___fldiv
   756  0018  082E               	movf	??___fldiv,w
   757  0019  00B7               	movwf	___fldiv@sign
   758  001A                     l833:
   759  001A  082D               	movf	___fldiv@b+3,w
   760  001B  00AE               	movwf	??___fldiv
   761  001C  072E               	addwf	??___fldiv,w
   762  001D  00AF               	movwf	??___fldiv+1
   763  001E  082F               	movf	??___fldiv+1,w
   764  001F  00BE               	movwf	___fldiv@bexp
   765  0020                     l835:
   766  0020  1FAC               	btfss	___fldiv@b+2,7
   767  0021  2823               	goto	u461
   768  0022  2824               	goto	u460
   769  0023                     u461:
   770  0023  2825               	goto	l839
   771  0024                     u460:
   772  0024                     l837:
   773  0024  143E               	bsf	___fldiv@bexp,0
   774  0025                     l839:
   775  0025  083E               	movf	___fldiv@bexp,w
   776  0026  1903               	btfsc	3,2
   777  0027  2829               	goto	u471
   778  0028  282A               	goto	u470
   779  0029                     u471:
   780  0029  283A               	goto	l849
   781  002A                     u470:
   782  002A                     l841:
   783  002A  0A3E               	incf	___fldiv@bexp,w
   784  002B  1D03               	btfss	3,2
   785  002C  282E               	goto	u481
   786  002D  282F               	goto	u480
   787  002E                     u481:
   788  002E  2837               	goto	l845
   789  002F                     u480:
   790  002F                     l843:
   791  002F  3000               	movlw	0
   792  0030  00AD               	movwf	___fldiv@b+3
   793  0031  3000               	movlw	0
   794  0032  00AC               	movwf	___fldiv@b+2
   795  0033  3000               	movlw	0
   796  0034  00AB               	movwf	___fldiv@b+1
   797  0035  3000               	movlw	0
   798  0036  00AA               	movwf	___fldiv@b
   799  0037                     l845:
   800  0037  17AC               	bsf	___fldiv@b+2,7
   801  0038                     l847:
   802  0038  01AD               	clrf	___fldiv@b+3
   803  0039  2842               	goto	l851
   804  003A                     l849:
   805  003A  3000               	movlw	0
   806  003B  00AD               	movwf	___fldiv@b+3
   807  003C  3000               	movlw	0
   808  003D  00AC               	movwf	___fldiv@b+2
   809  003E  3000               	movlw	0
   810  003F  00AB               	movwf	___fldiv@b+1
   811  0040  3000               	movlw	0
   812  0041  00AA               	movwf	___fldiv@b
   813  0042                     l851:
   814  0042  0829               	movf	___fldiv@a+3,w
   815  0043  3980               	andlw	128
   816  0044  00AE               	movwf	??___fldiv
   817  0045  082E               	movf	??___fldiv,w
   818  0046  06B7               	xorwf	___fldiv@sign,f
   819  0047                     l853:
   820  0047  0829               	movf	___fldiv@a+3,w
   821  0048  00AE               	movwf	??___fldiv
   822  0049  072E               	addwf	??___fldiv,w
   823  004A  00AF               	movwf	??___fldiv+1
   824  004B  082F               	movf	??___fldiv+1,w
   825  004C  00BF               	movwf	___fldiv@aexp
   826  004D                     l855:
   827  004D  1FA8               	btfss	___fldiv@a+2,7
   828  004E  2850               	goto	u491
   829  004F  2851               	goto	u490
   830  0050                     u491:
   831  0050  2852               	goto	l859
   832  0051                     u490:
   833  0051                     l857:
   834  0051  143F               	bsf	___fldiv@aexp,0
   835  0052                     l859:
   836  0052  083F               	movf	___fldiv@aexp,w
   837  0053  1903               	btfsc	3,2
   838  0054  2856               	goto	u501
   839  0055  2857               	goto	u500
   840  0056                     u501:
   841  0056  2867               	goto	l869
   842  0057                     u500:
   843  0057                     l861:
   844  0057  0A3F               	incf	___fldiv@aexp,w
   845  0058  1D03               	btfss	3,2
   846  0059  285B               	goto	u511
   847  005A  285C               	goto	u510
   848  005B                     u511:
   849  005B  2864               	goto	l865
   850  005C                     u510:
   851  005C                     l863:
   852  005C  3000               	movlw	0
   853  005D  00A9               	movwf	___fldiv@a+3
   854  005E  3000               	movlw	0
   855  005F  00A8               	movwf	___fldiv@a+2
   856  0060  3000               	movlw	0
   857  0061  00A7               	movwf	___fldiv@a+1
   858  0062  3000               	movlw	0
   859  0063  00A6               	movwf	___fldiv@a
   860  0064                     l865:
   861  0064  17A8               	bsf	___fldiv@a+2,7
   862  0065                     l867:
   863  0065  01A9               	clrf	___fldiv@a+3
   864  0066  286F               	goto	l472
   865  0067                     l869:
   866  0067  3000               	movlw	0
   867  0068  00A9               	movwf	___fldiv@a+3
   868  0069  3000               	movlw	0
   869  006A  00A8               	movwf	___fldiv@a+2
   870  006B  3000               	movlw	0
   871  006C  00A7               	movwf	___fldiv@a+1
   872  006D  3000               	movlw	0
   873  006E  00A6               	movwf	___fldiv@a
   874  006F                     l472:
   875  006F  0829               	movf	___fldiv@a+3,w
   876  0070  0428               	iorwf	___fldiv@a+2,w
   877  0071  0427               	iorwf	___fldiv@a+1,w
   878  0072  0426               	iorwf	___fldiv@a,w
   879  0073  1D03               	skipz
   880  0074  2876               	goto	u521
   881  0075  2877               	goto	u520
   882  0076                     u521:
   883  0076  2890               	goto	l879
   884  0077                     u520:
   885  0077                     l871:
   886  0077  3000               	movlw	0
   887  0078  00AD               	movwf	___fldiv@b+3
   888  0079  3000               	movlw	0
   889  007A  00AC               	movwf	___fldiv@b+2
   890  007B  3000               	movlw	0
   891  007C  00AB               	movwf	___fldiv@b+1
   892  007D  3000               	movlw	0
   893  007E  00AA               	movwf	___fldiv@b
   894  007F  3080               	movlw	128
   895  0080  04AC               	iorwf	___fldiv@b+2,f
   896  0081  307F               	movlw	127
   897  0082  04AD               	iorwf	___fldiv@b+3,f
   898  0083                     l873:
   899  0083  0837               	movf	___fldiv@sign,w
   900  0084  00AE               	movwf	??___fldiv
   901  0085  082E               	movf	??___fldiv,w
   902  0086  04AD               	iorwf	___fldiv@b+3,f
   903  0087                     l875:
   904  0087  082D               	movf	___fldiv@b+3,w
   905  0088  00A9               	movwf	?___fldiv+3
   906  0089  082C               	movf	___fldiv@b+2,w
   907  008A  00A8               	movwf	?___fldiv+2
   908  008B  082B               	movf	___fldiv@b+1,w
   909  008C  00A7               	movwf	?___fldiv+1
   910  008D  082A               	movf	___fldiv@b,w
   911  008E  00A6               	movwf	?___fldiv
   912  008F  29EF               	goto	l474
   913  0090                     l879:
   914  0090  083E               	movf	___fldiv@bexp,w
   915  0091  1D03               	btfss	3,2
   916  0092  2894               	goto	u531
   917  0093  2895               	goto	u530
   918  0094                     u531:
   919  0094  289E               	goto	l885
   920  0095                     u530:
   921  0095                     l881:
   922  0095  3000               	movlw	0
   923  0096  00A9               	movwf	?___fldiv+3
   924  0097  3000               	movlw	0
   925  0098  00A8               	movwf	?___fldiv+2
   926  0099  3000               	movlw	0
   927  009A  00A7               	movwf	?___fldiv+1
   928  009B  3000               	movlw	0
   929  009C  00A6               	movwf	?___fldiv
   930  009D  29EF               	goto	l474
   931  009E                     l885:
   932  009E  083E               	movf	___fldiv@bexp,w
   933  009F  00AE               	movwf	??___fldiv
   934  00A0  01AF               	clrf	??___fldiv+1
   935  00A1  082F               	movf	??___fldiv+1,w
   936  00A2  00B1               	movwf	??___fldiv+3
   937  00A3  083F               	movf	___fldiv@aexp,w
   938  00A4  022E               	subwf	??___fldiv,w
   939  00A5  00B0               	movwf	??___fldiv+2
   940  00A6  1C03               	skipc
   941  00A7  03B1               	decf	??___fldiv+3,f
   942  00A8  0830               	movf	??___fldiv+2,w
   943  00A9  3E7F               	addlw	127
   944  00AA  00B8               	movwf	___fldiv@new_exp
   945  00AB  0831               	movf	??___fldiv+3,w
   946  00AC  1803               	skipnc
   947  00AD  3E01               	addlw	1
   948  00AE  3E00               	addlw	0
   949  00AF  00B9               	movwf	___fldiv@new_exp+1
   950  00B0                     l887:
   951  00B0  082D               	movf	___fldiv@b+3,w
   952  00B1  00B6               	movwf	___fldiv@rem+3
   953  00B2  082C               	movf	___fldiv@b+2,w
   954  00B3  00B5               	movwf	___fldiv@rem+2
   955  00B4  082B               	movf	___fldiv@b+1,w
   956  00B5  00B4               	movwf	___fldiv@rem+1
   957  00B6  082A               	movf	___fldiv@b,w
   958  00B7  00B3               	movwf	___fldiv@rem
   959  00B8                     l889:
   960  00B8  3000               	movlw	0
   961  00B9  00AD               	movwf	___fldiv@b+3
   962  00BA  3000               	movlw	0
   963  00BB  00AC               	movwf	___fldiv@b+2
   964  00BC  3000               	movlw	0
   965  00BD  00AB               	movwf	___fldiv@b+1
   966  00BE  3000               	movlw	0
   967  00BF  00AA               	movwf	___fldiv@b
   968  00C0                     l891:
   969  00C0  3000               	movlw	0
   970  00C1  00BD               	movwf	___fldiv@grs+3
   971  00C2  3000               	movlw	0
   972  00C3  00BC               	movwf	___fldiv@grs+2
   973  00C4  3000               	movlw	0
   974  00C5  00BB               	movwf	___fldiv@grs+1
   975  00C6  3000               	movlw	0
   976  00C7  00BA               	movwf	___fldiv@grs
   977  00C8                     l893:
   978  00C8  01BF               	clrf	___fldiv@aexp
   979  00C9  2914               	goto	l913
   980  00CA                     l895:
   981  00CA  083F               	movf	___fldiv@aexp,w
   982  00CB  1903               	btfsc	3,2
   983  00CC  28CE               	goto	u541
   984  00CD  28CF               	goto	u540
   985  00CE                     u541:
   986  00CE  28EF               	goto	l905
   987  00CF                     u540:
   988  00CF                     l897:
   989  00CF  3001               	movlw	1
   990  00D0  00AE               	movwf	??___fldiv
   991  00D1                     u555:
   992  00D1  1003               	clrc
   993  00D2  0DB3               	rlf	___fldiv@rem,f
   994  00D3  0DB4               	rlf	___fldiv@rem+1,f
   995  00D4  0DB5               	rlf	___fldiv@rem+2,f
   996  00D5  0DB6               	rlf	___fldiv@rem+3,f
   997  00D6  0BAE               	decfsz	??___fldiv,f
   998  00D7  28D1               	goto	u555
   999  00D8  3001               	movlw	1
  1000  00D9  00AE               	movwf	??___fldiv
  1001  00DA                     u565:
  1002  00DA  1003               	clrc
  1003  00DB  0DAA               	rlf	___fldiv@b,f
  1004  00DC  0DAB               	rlf	___fldiv@b+1,f
  1005  00DD  0DAC               	rlf	___fldiv@b+2,f
  1006  00DE  0DAD               	rlf	___fldiv@b+3,f
  1007  00DF  0BAE               	decfsz	??___fldiv,f
  1008  00E0  28DA               	goto	u565
  1009  00E1                     l899:
  1010  00E1  1FBD               	btfss	___fldiv@grs+3,7
  1011  00E2  28E4               	goto	u571
  1012  00E3  28E5               	goto	u570
  1013  00E4                     u571:
  1014  00E4  28E6               	goto	l903
  1015  00E5                     u570:
  1016  00E5                     l901:
  1017  00E5  142A               	bsf	___fldiv@b,0
  1018  00E6                     l903:
  1019  00E6  3001               	movlw	1
  1020  00E7  00AE               	movwf	??___fldiv
  1021  00E8                     u585:
  1022  00E8  1003               	clrc
  1023  00E9  0DBA               	rlf	___fldiv@grs,f
  1024  00EA  0DBB               	rlf	___fldiv@grs+1,f
  1025  00EB  0DBC               	rlf	___fldiv@grs+2,f
  1026  00EC  0DBD               	rlf	___fldiv@grs+3,f
  1027  00ED  0BAE               	decfsz	??___fldiv,f
  1028  00EE  28E8               	goto	u585
  1029  00EF                     l905:
  1030  00EF  0829               	movf	___fldiv@a+3,w
  1031  00F0  0236               	subwf	___fldiv@rem+3,w
  1032  00F1  1D03               	skipz
  1033  00F2  28FD               	goto	u595
  1034  00F3  0828               	movf	___fldiv@a+2,w
  1035  00F4  0235               	subwf	___fldiv@rem+2,w
  1036  00F5  1D03               	skipz
  1037  00F6  28FD               	goto	u595
  1038  00F7  0827               	movf	___fldiv@a+1,w
  1039  00F8  0234               	subwf	___fldiv@rem+1,w
  1040  00F9  1D03               	skipz
  1041  00FA  28FD               	goto	u595
  1042  00FB  0826               	movf	___fldiv@a,w
  1043  00FC  0233               	subwf	___fldiv@rem,w
  1044  00FD                     u595:
  1045  00FD  1C03               	skipc
  1046  00FE  2900               	goto	u591
  1047  00FF  2901               	goto	u590
  1048  0100                     u591:
  1049  0100  2910               	goto	l911
  1050  0101                     u590:
  1051  0101                     l907:
  1052  0101  173D               	bsf	___fldiv@grs+3,6
  1053  0102                     l909:
  1054  0102  0826               	movf	___fldiv@a,w
  1055  0103  02B3               	subwf	___fldiv@rem,f
  1056  0104  0827               	movf	___fldiv@a+1,w
  1057  0105  1C03               	skipc
  1058  0106  0F27               	incfsz	___fldiv@a+1,w
  1059  0107  02B4               	subwf	___fldiv@rem+1,f
  1060  0108  0828               	movf	___fldiv@a+2,w
  1061  0109  1C03               	skipc
  1062  010A  0F28               	incfsz	___fldiv@a+2,w
  1063  010B  02B5               	subwf	___fldiv@rem+2,f
  1064  010C  0829               	movf	___fldiv@a+3,w
  1065  010D  1C03               	skipc
  1066  010E  0F29               	incfsz	___fldiv@a+3,w
  1067  010F  02B6               	subwf	___fldiv@rem+3,f
  1068  0110                     l911:
  1069  0110  3001               	movlw	1
  1070  0111  00AE               	movwf	??___fldiv
  1071  0112  082E               	movf	??___fldiv,w
  1072  0113  07BF               	addwf	___fldiv@aexp,f
  1073  0114                     l913:
  1074  0114  301A               	movlw	26
  1075  0115  023F               	subwf	___fldiv@aexp,w
  1076  0116  1C03               	skipc
  1077  0117  2919               	goto	u601
  1078  0118  291A               	goto	u600
  1079  0119                     u601:
  1080  0119  28CA               	goto	l895
  1081  011A                     u600:
  1082  011A                     l915:
  1083  011A  0836               	movf	___fldiv@rem+3,w
  1084  011B  0435               	iorwf	___fldiv@rem+2,w
  1085  011C  0434               	iorwf	___fldiv@rem+1,w
  1086  011D  0433               	iorwf	___fldiv@rem,w
  1087  011E  1903               	skipnz
  1088  011F  2921               	goto	u611
  1089  0120  2922               	goto	u610
  1090  0121                     u611:
  1091  0121  2941               	goto	l929
  1092  0122                     u610:
  1093  0122                     l917:
  1094  0122  143A               	bsf	___fldiv@grs,0
  1095  0123  2941               	goto	l929
  1096  0124                     l919:
  1097  0124  3001               	movlw	1
  1098  0125  00AE               	movwf	??___fldiv
  1099  0126                     u625:
  1100  0126  1003               	clrc
  1101  0127  0DAA               	rlf	___fldiv@b,f
  1102  0128  0DAB               	rlf	___fldiv@b+1,f
  1103  0129  0DAC               	rlf	___fldiv@b+2,f
  1104  012A  0DAD               	rlf	___fldiv@b+3,f
  1105  012B  0BAE               	decfsz	??___fldiv,f
  1106  012C  2926               	goto	u625
  1107  012D                     l921:
  1108  012D  1FBD               	btfss	___fldiv@grs+3,7
  1109  012E  2930               	goto	u631
  1110  012F  2931               	goto	u630
  1111  0130                     u631:
  1112  0130  2932               	goto	l925
  1113  0131                     u630:
  1114  0131                     l923:
  1115  0131  142A               	bsf	___fldiv@b,0
  1116  0132                     l925:
  1117  0132  3001               	movlw	1
  1118  0133  00AE               	movwf	??___fldiv
  1119  0134                     u645:
  1120  0134  1003               	clrc
  1121  0135  0DBA               	rlf	___fldiv@grs,f
  1122  0136  0DBB               	rlf	___fldiv@grs+1,f
  1123  0137  0DBC               	rlf	___fldiv@grs+2,f
  1124  0138  0DBD               	rlf	___fldiv@grs+3,f
  1125  0139  0BAE               	decfsz	??___fldiv,f
  1126  013A  2934               	goto	u645
  1127  013B                     l927:
  1128  013B  30FF               	movlw	255
  1129  013C  07B8               	addwf	___fldiv@new_exp,f
  1130  013D  1803               	skipnc
  1131  013E  0AB9               	incf	___fldiv@new_exp+1,f
  1132  013F  30FF               	movlw	255
  1133  0140  07B9               	addwf	___fldiv@new_exp+1,f
  1134  0141                     l929:
  1135  0141  1FAC               	btfss	___fldiv@b+2,7
  1136  0142  2944               	goto	u651
  1137  0143  2945               	goto	u650
  1138  0144                     u651:
  1139  0144  2924               	goto	l919
  1140  0145                     u650:
  1141  0145                     l931:
  1142  0145  01BF               	clrf	___fldiv@aexp
  1143  0146                     l933:
  1144  0146  1FBD               	btfss	___fldiv@grs+3,7
  1145  0147  2949               	goto	u661
  1146  0148  294A               	goto	u660
  1147  0149                     u661:
  1148  0149  2966               	goto	l941
  1149  014A                     u660:
  1150  014A                     l935:
  1151  014A  30FF               	movlw	255
  1152  014B  053A               	andwf	___fldiv@grs,w
  1153  014C  00AE               	movwf	??___fldiv
  1154  014D  30FF               	movlw	255
  1155  014E  053B               	andwf	___fldiv@grs+1,w
  1156  014F  00AF               	movwf	??___fldiv+1
  1157  0150  30FF               	movlw	255
  1158  0151  053C               	andwf	___fldiv@grs+2,w
  1159  0152  00B0               	movwf	??___fldiv+2
  1160  0153  307F               	movlw	127
  1161  0154  053D               	andwf	___fldiv@grs+3,w
  1162  0155  00B1               	movwf	??___fldiv+3
  1163  0156  0831               	movf	??___fldiv+3,w
  1164  0157  0430               	iorwf	??___fldiv+2,w
  1165  0158  042F               	iorwf	??___fldiv+1,w
  1166  0159  042E               	iorwf	??___fldiv,w
  1167  015A  1903               	skipnz
  1168  015B  295D               	goto	u671
  1169  015C  295E               	goto	u670
  1170  015D                     u671:
  1171  015D  2961               	goto	l488
  1172  015E                     u670:
  1173  015E                     l937:
  1174  015E  01BF               	clrf	___fldiv@aexp
  1175  015F  0ABF               	incf	___fldiv@aexp,f
  1176  0160  2966               	goto	l941
  1177  0161                     l488:
  1178  0161  1C2A               	btfss	___fldiv@b,0
  1179  0162  2964               	goto	u681
  1180  0163  2965               	goto	u680
  1181  0164                     u681:
  1182  0164  2966               	goto	l941
  1183  0165                     u680:
  1184  0165  295E               	goto	l937
  1185  0166                     l941:
  1186  0166  083F               	movf	___fldiv@aexp,w
  1187  0167  1903               	btfsc	3,2
  1188  0168  296A               	goto	u691
  1189  0169  296B               	goto	u690
  1190  016A                     u691:
  1191  016A  299C               	goto	l951
  1192  016B                     u690:
  1193  016B                     l943:
  1194  016B  3001               	movlw	1
  1195  016C  07AA               	addwf	___fldiv@b,f
  1196  016D  3000               	movlw	0
  1197  016E  1803               	skipnc
  1198  016F  3001               	movlw	1
  1199  0170  07AB               	addwf	___fldiv@b+1,f
  1200  0171  3000               	movlw	0
  1201  0172  1803               	skipnc
  1202  0173  3001               	movlw	1
  1203  0174  07AC               	addwf	___fldiv@b+2,f
  1204  0175  3000               	movlw	0
  1205  0176  1803               	skipnc
  1206  0177  3001               	movlw	1
  1207  0178  07AD               	addwf	___fldiv@b+3,f
  1208  0179                     l945:
  1209  0179  1C2D               	btfss	___fldiv@b+3,0
  1210  017A  297C               	goto	u701
  1211  017B  297D               	goto	u700
  1212  017C                     u701:
  1213  017C  299C               	goto	l951
  1214  017D                     u700:
  1215  017D                     l947:
  1216  017D  082A               	movf	___fldiv@b,w
  1217  017E  00AE               	movwf	??___fldiv
  1218  017F  082B               	movf	___fldiv@b+1,w
  1219  0180  00AF               	movwf	??___fldiv+1
  1220  0181  082C               	movf	___fldiv@b+2,w
  1221  0182  00B0               	movwf	??___fldiv+2
  1222  0183  082D               	movf	___fldiv@b+3,w
  1223  0184  00B1               	movwf	??___fldiv+3
  1224  0185  3001               	movlw	1
  1225  0186  00B2               	movwf	??___fldiv+4
  1226  0187                     u715:
  1227  0187  0D31               	rlf	??___fldiv+3,w
  1228  0188  0CB1               	rrf	??___fldiv+3,f
  1229  0189  0CB0               	rrf	??___fldiv+2,f
  1230  018A  0CAF               	rrf	??___fldiv+1,f
  1231  018B  0CAE               	rrf	??___fldiv,f
  1232  018C                     u710:
  1233  018C  0BB2               	decfsz	??___fldiv+4,f
  1234  018D  2987               	goto	u715
  1235  018E  0831               	movf	??___fldiv+3,w
  1236  018F  00AD               	movwf	___fldiv@b+3
  1237  0190  0830               	movf	??___fldiv+2,w
  1238  0191  00AC               	movwf	___fldiv@b+2
  1239  0192  082F               	movf	??___fldiv+1,w
  1240  0193  00AB               	movwf	___fldiv@b+1
  1241  0194  082E               	movf	??___fldiv,w
  1242  0195  00AA               	movwf	___fldiv@b
  1243  0196                     l949:
  1244  0196  3001               	movlw	1
  1245  0197  07B8               	addwf	___fldiv@new_exp,f
  1246  0198  1803               	skipnc
  1247  0199  0AB9               	incf	___fldiv@new_exp+1,f
  1248  019A  3000               	movlw	0
  1249  019B  07B9               	addwf	___fldiv@new_exp+1,f
  1250  019C                     l951:
  1251  019C  0839               	movf	___fldiv@new_exp+1,w
  1252  019D  3A80               	xorlw	128
  1253  019E  00FF               	movwf	btemp+1
  1254  019F  3080               	movlw	128
  1255  01A0  027F               	subwf	btemp+1,w
  1256  01A1  1D03               	skipz
  1257  01A2  29A5               	goto	u725
  1258  01A3  30FF               	movlw	255
  1259  01A4  0238               	subwf	___fldiv@new_exp,w
  1260  01A5                     u725:
  1261  01A5  1C03               	skipc
  1262  01A6  29A8               	goto	u721
  1263  01A7  29A9               	goto	u720
  1264  01A8                     u721:
  1265  01A8  29B7               	goto	l955
  1266  01A9                     u720:
  1267  01A9                     l953:
  1268  01A9  30FF               	movlw	255
  1269  01AA  1283               	bcf	3,5	;RP0=0, select bank0
  1270  01AB  1303               	bcf	3,6	;RP1=0, select bank0
  1271  01AC  00B8               	movwf	___fldiv@new_exp
  1272  01AD  3000               	movlw	0
  1273  01AE  00B9               	movwf	___fldiv@new_exp+1
  1274  01AF  3000               	movlw	0
  1275  01B0  00AD               	movwf	___fldiv@b+3
  1276  01B1  3000               	movlw	0
  1277  01B2  00AC               	movwf	___fldiv@b+2
  1278  01B3  3000               	movlw	0
  1279  01B4  00AB               	movwf	___fldiv@b+1
  1280  01B5  3000               	movlw	0
  1281  01B6  00AA               	movwf	___fldiv@b
  1282  01B7                     l955:
  1283  01B7  1283               	bcf	3,5	;RP0=0, select bank0
  1284  01B8  1303               	bcf	3,6	;RP1=0, select bank0
  1285  01B9  0839               	movf	___fldiv@new_exp+1,w
  1286  01BA  3A80               	xorlw	128
  1287  01BB  00FF               	movwf	btemp+1
  1288  01BC  3080               	movlw	128
  1289  01BD  027F               	subwf	btemp+1,w
  1290  01BE  1D03               	skipz
  1291  01BF  29C2               	goto	u735
  1292  01C0  3001               	movlw	1
  1293  01C1  0238               	subwf	___fldiv@new_exp,w
  1294  01C2                     u735:
  1295  01C2  1803               	skipnc
  1296  01C3  29C5               	goto	u731
  1297  01C4  29C6               	goto	u730
  1298  01C5                     u731:
  1299  01C5  29D3               	goto	l494
  1300  01C6                     u730:
  1301  01C6                     l957:
  1302  01C6  1283               	bcf	3,5	;RP0=0, select bank0
  1303  01C7  1303               	bcf	3,6	;RP1=0, select bank0
  1304  01C8  01B8               	clrf	___fldiv@new_exp
  1305  01C9  01B9               	clrf	___fldiv@new_exp+1
  1306  01CA                     l959:
  1307  01CA  3000               	movlw	0
  1308  01CB  00AD               	movwf	___fldiv@b+3
  1309  01CC  3000               	movlw	0
  1310  01CD  00AC               	movwf	___fldiv@b+2
  1311  01CE  3000               	movlw	0
  1312  01CF  00AB               	movwf	___fldiv@b+1
  1313  01D0  3000               	movlw	0
  1314  01D1  00AA               	movwf	___fldiv@b
  1315  01D2                     l961:
  1316  01D2  01B7               	clrf	___fldiv@sign
  1317  01D3                     l494:
  1318  01D3  1283               	bcf	3,5	;RP0=0, select bank0
  1319  01D4  1303               	bcf	3,6	;RP1=0, select bank0
  1320  01D5  0838               	movf	___fldiv@new_exp,w
  1321  01D6  00AE               	movwf	??___fldiv
  1322  01D7  082E               	movf	??___fldiv,w
  1323  01D8  00BE               	movwf	___fldiv@bexp
  1324  01D9                     l963:
  1325  01D9  1C3E               	btfss	___fldiv@bexp,0
  1326  01DA  29DC               	goto	u741
  1327  01DB  29DD               	goto	u740
  1328  01DC                     u741:
  1329  01DC  29DF               	goto	l967
  1330  01DD                     u740:
  1331  01DD                     l965:
  1332  01DD  17AC               	bsf	___fldiv@b+2,7
  1333  01DE  29E3               	goto	l496
  1334  01DF                     l967:
  1335  01DF  307F               	movlw	127
  1336  01E0  00AE               	movwf	??___fldiv
  1337  01E1  082E               	movf	??___fldiv,w
  1338  01E2  05AC               	andwf	___fldiv@b+2,f
  1339  01E3                     l496:
  1340  01E3  083E               	movf	___fldiv@bexp,w
  1341  01E4  00AE               	movwf	??___fldiv
  1342  01E5  1003               	clrc
  1343  01E6  0C2E               	rrf	??___fldiv,w
  1344  01E7  00AF               	movwf	??___fldiv+1
  1345  01E8  082F               	movf	??___fldiv+1,w
  1346  01E9  00AD               	movwf	___fldiv@b+3
  1347  01EA  0837               	movf	___fldiv@sign,w
  1348  01EB  00AE               	movwf	??___fldiv
  1349  01EC  082E               	movf	??___fldiv,w
  1350  01ED  04AD               	iorwf	___fldiv@b+3,f
  1351  01EE  2887               	goto	l875
  1352  01EF                     l474:
  1353  01EF  0008               	return
  1354  01F0                     __end_of___fldiv:
  1355                           
  1356                           	psect	text3
  1357  02EA                     __ptext3:	
  1358 ;; *************** function _my_isr_routine *****************
  1359 ;; Defined at:
  1360 ;;		line 28 in file "newmain.c"
  1361 ;; Parameters:    Size  Location     Type
  1362 ;;		None
  1363 ;; Auto vars:     Size  Location     Type
  1364 ;;		None
  1365 ;; Return value:  Size  Location     Type
  1366 ;;                  1    wreg      void 
  1367 ;; Registers used:
  1368 ;;		wreg
  1369 ;; Tracked objects:
  1370 ;;		On entry : 0/0
  1371 ;;		On exit  : 0/0
  1372 ;;		Unchanged: 0/0
  1373 ;; Data sizes:     COMMON   BANK0   BANK1   BANK3   BANK2
  1374 ;;      Params:         0       0       0       0       0
  1375 ;;      Locals:         0       0       0       0       0
  1376 ;;      Temps:          3       0       0       0       0
  1377 ;;      Totals:         3       0       0       0       0
  1378 ;;Total ram usage:        3 bytes
  1379 ;; Hardware stack levels used: 1
  1380 ;; This function calls:
  1381 ;;		Nothing
  1382 ;; This function is called by:
  1383 ;;		Interrupt level 1
  1384 ;; This function uses a non-reentrant model
  1385 ;;
  1386                           
  1387                           
  1388                           ;psect for function _my_isr_routine
  1389  02EA                     _my_isr_routine:
  1390  02EA                     i1l815:
  1391                           
  1392                           ;newmain.c: 30:     if (INTCONbits.T0IF)
  1393  02EA  1D0B               	btfss	11,2	;volatile
  1394  02EB  2AED               	goto	u44_21
  1395  02EC  2AEE               	goto	u44_20
  1396  02ED                     u44_21:
  1397  02ED  2AFF               	goto	i1l29
  1398  02EE                     u44_20:
  1399  02EE                     i1l817:
  1400                           
  1401                           ;newmain.c: 31:     {;newmain.c: 33:         TMR0=256-4;
  1402  02EE  30FC               	movlw	252
  1403  02EF  1283               	bcf	3,5	;RP0=0, select bank0
  1404  02F0  1303               	bcf	3,6	;RP1=0, select bank0
  1405  02F1  0081               	movwf	1	;volatile
  1406  02F2                     i1l819:
  1407                           
  1408                           ;newmain.c: 34:  INTCONbits.T0IF=0;
  1409  02F2  110B               	bcf	11,2	;volatile
  1410  02F3                     i1l821:
  1411                           
  1412                           ;newmain.c: 35:  ADCON0bits.GO_nDONE=1;
  1413  02F3  149F               	bsf	31,1	;volatile
  1414                           
  1415                           ;newmain.c: 36:         while(ADCON0bits.GO_nDONE)
  1416  02F4  2AF9               	goto	i1l825
  1417  02F5                     i1l823:
  1418                           
  1419                           ;newmain.c: 37:         {;newmain.c: 38:             _delay((unsigned long)((10)*(400000
      +                          0/4000000.0)));
  1420  02F5  3003               	movlw	3
  1421  02F6  00F0               	movwf	??_my_isr_routine
  1422  02F7                     u89_27:
  1423  02F7  0BF0               	decfsz	??_my_isr_routine,f
  1424  02F8  2AF7               	goto	u89_27
  1425  02F9                     i1l825:
  1426                           
  1427                           ;newmain.c: 36:         while(ADCON0bits.GO_nDONE)
  1428  02F9  1283               	bcf	3,5	;RP0=0, select bank0
  1429  02FA  1303               	bcf	3,6	;RP1=0, select bank0
  1430  02FB  189F               	btfsc	31,1	;volatile
  1431  02FC  2AFE               	goto	u45_21
  1432  02FD  2AFF               	goto	u45_20
  1433  02FE                     u45_21:
  1434  02FE  2AF5               	goto	i1l823
  1435  02FF                     u45_20:
  1436  02FF                     i1l29:
  1437  02FF  0872               	movf	??_my_isr_routine+2,w
  1438  0300  008A               	movwf	10
  1439  0301  0E71               	swapf	??_my_isr_routine+1,w
  1440  0302  0083               	movwf	3
  1441  0303  0EFE               	swapf	btemp,f
  1442  0304  0E7E               	swapf	btemp,w
  1443  0305  0009               	retfie
  1444  0306                     __end_of_my_isr_routine:
  1445  007E                     btemp	set	126	;btemp
  1446  007E                     wtemp0	set	126
  1447                           
  1448                           	psect	intentry
  1449  0004                     __pintentry:	
  1450                           ;incstack = 0
  1451                           ; Regs used in _my_isr_routine: [wreg]
  1452                           
  1453  0004                     interrupt_function:
  1454  007E                     saved_w	set	btemp
  1455  0004  00FE               	movwf	btemp
  1456  0005  0E03               	swapf	3,w
  1457  0006  00F1               	movwf	??_my_isr_routine+1
  1458  0007  080A               	movf	10,w
  1459  0008  00F2               	movwf	??_my_isr_routine+2
  1460  0009  120A  118A  2AEA   	ljmp	_my_isr_routine
  1461                           
  1462                           	psect	config
  1463                           
  1464                           ;Config register CONFIG1 @ 0x2007
  1465                           ;	Oscillator Selection bits
  1466                           ;	FOSC = INTRC_NOCLKOUT, INTOSCIO oscillator: I/O function on RA6/OSC2/CLKOUT pin, I/O f
      +                          unction on RA7/OSC1/CLKIN
  1467                           ;	Watchdog Timer Enable bit
  1468                           ;	WDTE = OFF, WDT disabled and can be enabled by SWDTEN bit of the WDTCON register
  1469                           ;	Power-up Timer Enable bit
  1470                           ;	PWRTE = OFF, PWRT disabled
  1471                           ;	RE3/MCLR pin function select bit
  1472                           ;	MCLRE = ON, RE3/MCLR pin function is MCLR
  1473                           ;	Code Protection bit
  1474                           ;	CP = OFF, Program memory code protection is disabled
  1475                           ;	Data Code Protection bit
  1476                           ;	CPD = OFF, Data memory code protection is disabled
  1477                           ;	Brown Out Reset Selection bits
  1478                           ;	BOREN = ON, BOR enabled
  1479                           ;	Internal External Switchover bit
  1480                           ;	IESO = ON, Internal/External Switchover mode is enabled
  1481                           ;	Fail-Safe Clock Monitor Enabled bit
  1482                           ;	FCMEN = ON, Fail-Safe Clock Monitor is enabled
  1483                           ;	Low Voltage Programming Enable bit
  1484                           ;	LVP = ON, RB3/PGM pin has PGM function, low voltage programming enabled
  1485                           ;	In-Circuit Debugger Mode bit
  1486                           ;	DEBUG = 0x1, unprogrammed default
  1487  2007                     	org	8199
  1488  2007  3FF4               	dw	16372
  1489                           
  1490                           ;Config register CONFIG2 @ 0x2008
  1491                           ;	Brown-out Reset Selection bit
  1492                           ;	BOR4V = BOR40V, Brown-out Reset set to 4.0V
  1493                           ;	Flash Program Memory Self Write Enable bits
  1494                           ;	WRT = OFF, Write protection off
  1495  2008                     	org	8200
  1496  2008  3FFF               	dw	16383

Data Sizes:
    Strings     0
    Constant    0
    Data        0
    BSS         0
    Persistent  0
    Stack       0

Auto Spaces:
    Space          Size  Autos    Used
    COMMON           14     11      11
    BANK0            80     34      34
    BANK1            80      0       0
    BANK3            96      0       0
    BANK2            96      0       0

Pointer List with Targets:

    None.

Critical Paths under _main in COMMON

    _main->___xxtofl
    ___fldiv->___xxtofl

Critical Paths under _my_isr_routine in COMMON

    None.

Critical Paths under _main in BANK0

    _main->___fldiv
    ___fldiv->___xxtofl

Critical Paths under _my_isr_routine in BANK0

    None.

Critical Paths under _main in BANK1

    None.

Critical Paths under _my_isr_routine in BANK1

    None.

Critical Paths under _main in BANK3

    None.

Critical Paths under _my_isr_routine in BANK3

    None.

Critical Paths under _main in BANK2

    None.

Critical Paths under _my_isr_routine in BANK2

    None.

Call Graph Tables:

 ---------------------------------------------------------------------------------
 (Depth) Function   	        Calls       Base Space   Used Autos Params    Refs
 ---------------------------------------------------------------------------------
 (0) _main                                                 6     6      0    1695
                                             32 BANK0      2     2      0
                            ___fldiv
                           ___xxtofl
 ---------------------------------------------------------------------------------
 (1) ___xxtofl                                            14    10      4     398
                                              3 COMMON     8     4      4
                                              0 BANK0      6     6      0
 ---------------------------------------------------------------------------------
 (1) ___fldiv                                             26    18      8    1273
                                              6 BANK0     26    18      8
                           ___xxtofl (ARG)
 ---------------------------------------------------------------------------------
 Estimated maximum stack depth 1
 ---------------------------------------------------------------------------------
 (Depth) Function   	        Calls       Base Space   Used Autos Params    Refs
 ---------------------------------------------------------------------------------
 (2) _my_isr_routine                                       3     3      0       0
                                              0 COMMON     3     3      0
 ---------------------------------------------------------------------------------
 Estimated maximum stack depth 2
 ---------------------------------------------------------------------------------

 Call Graph Graphs:

 _main (ROOT)
   ___fldiv
     ___xxtofl (ARG)
   ___xxtofl

 _my_isr_routine (ROOT)

 Address spaces:
Name               Size   Autos  Total    Cost      Usage
BITCOMMON            E      0       0       0        0.0%
EEDATA             100      0       0       0        0.0%
NULL                 0      0       0       0        0.0%
CODE                 0      0       0       0        0.0%
COMMON               E      B       B       1       78.6%
BITSFR0              0      0       0       1        0.0%
SFR0                 0      0       0       1        0.0%
BITSFR1              0      0       0       2        0.0%
SFR1                 0      0       0       2        0.0%
STACK                0      0       0       2        0.0%
ABS                  0      0       0       3        0.0%
BITBANK0            50      0       0       4        0.0%
BITSFR3              0      0       0       4        0.0%
SFR3                 0      0       0       4        0.0%
BANK0               50     22      22       5       42.5%
BITSFR2              0      0       0       5        0.0%
SFR2                 0      0       0       5        0.0%
BITBANK1            50      0       0       6        0.0%
BANK1               50      0       0       7        0.0%
BITBANK3            60      0       0       8        0.0%
BANK3               60      0       0       9        0.0%
BITBANK2            60      0       0      10        0.0%
BANK2               60      0       0      11        0.0%
DATA                 0      0       0      12        0.0%


Microchip Technology PIC Macro Assembler V2.32 build 20210201212658 
Symbol Table                                                                                   Sat Jul 31 22:07:35 2021

           ___fldiv@aexp 003F             ___fldiv@bexp 003E             ___fldiv@sign 0037  
                     l34 02B6                      l472 006F                      l474 01EF  
                    l570 0281                      l562 0259                      l556 0214  
                    l901 00E5                      l494 01D3                      l558 02AB  
                    l911 0110                      l903 00E6                      l831 0013  
                    l496 01E3                      l488 0161                      l921 012D  
                    l905 00EF                      l913 0114                      l841 002A  
                    l833 001A                      l569 0275                      l931 0145  
                    l923 0131                      l915 011A                      l907 0101  
                    l851 0042                      l843 002F                      l835 0020  
                    l941 0166                      l933 0146                      l925 0132  
                    l917 0122                      l909 0102                      l861 0057  
                    l853 0047                      l845 0037                      l837 0024  
                    l943 016B                      l951 019C                      l935 014A  
                    l927 013B                      l919 0124                      l871 0077  
                    l863 005C                      l855 004D                      l847 0038  
                    l839 0025                      l961 01D2                      l953 01A9  
                    l945 0179                      l937 015E                      l929 0141  
                    l881 0095                      l873 0083                      l865 0064  
                    l857 0051                      l849 003A                      l963 01D9  
                    l955 01B7                      l947 017D                      l891 00C0  
                    l875 0087                      l867 0065                      l859 0052  
                    l965 01DD                      l957 01C6                      l949 0196  
                    l893 00C8                      l885 009E                      l869 0067  
                    l981 021C                      l973 01F3                      l967 01DF  
                    l959 01CA                      l895 00CA                      l887 00B0  
                    l879 0090                      l991 023E                      l975 01F8  
                    l897 00CF                      l889 00B8                      l993 0242  
                    l985 0225                      l977 01FC                      l899 00E1  
                    l995 0250                      l987 022A                      l979 020C  
                    l997 0260                      l989 0237                      l999 026B  
                    u500 0057                      u501 0056                      u510 005C  
                    u511 005B                      u600 011A                      u520 0077  
                    u601 0119                      u521 0076                      u610 0122  
                    u530 0095                      u611 0121                      u531 0094  
                    u700 017D                      u540 00CF                      u460 0024  
                    u701 017C                      u541 00CE                      u461 0023  
                    u710 018C                      u630 0131                      u470 002A  
                    u631 0130                      u471 0029                      u720 01A9  
                    u480 002F                      u721 01A8                      u625 0126  
                    u481 002E                      u730 01C6                      u650 0145  
                    u570 00E5                      u490 0051                      u810 025F  
                    u731 01C5                      u715 0187                      u651 0144  
                    u571 00E4                      u555 00D1                      u491 0050  
                    u811 025E                      u740 01DD                      u660 014A  
                    u741 01DC                      u725 01A5                      u661 0149  
                    u645 0134                      u565 00DA                      u805 0251  
                    u670 015E                      u590 0101                      u830 026F  
                    u750 01F8                      u735 01C2                      u671 015D  
                    u591 0100                      u831 026E                      u751 01F7  
                    u680 0165                      u840 0275                      u760 01FC  
                    u681 0164                      u585 00E8                      u841 0274  
                    u825 0264                      u761 01FB                      u690 016B  
                    u850 0279                      u770 021C                      u691 016A  
                    u595 00FD                      u851 0278                      u771 021B  
                    u860 028E                      u870 029E                      u790 023D  
                    u871 029D                      u791 023C                      u880 02A2  
                    u881 02A1                      u865 0289                      u785 022F  
                   l1001 026F                     l1011 02A2                     l1003 0279  
                   l1013 02A3                     l1005 0283                     l1007 0299  
                   l1009 029E                     l1017 02AC                     l1019 02C0  
                   i1l29 02FF                     _TMR0 0001                     _main 02AC  
                   btemp 007E                     start 000C          ___fldiv@new_exp 0038  
                  ?_main 0070          __end_of___fldiv 01F0                    i1l821 02F3  
                  i1l823 02F5                    i1l815 02EA                    i1l825 02F9  
                  i1l817 02EE                    i1l819 02F2                    u44_20 02EE  
                  u44_21 02ED                    u45_20 02FF                    u45_21 02FE  
                  _TRISA 0085                    u89_27 02F7                    pclath 000A  
                  status 0003                    wtemp0 007E          __initialization 000F  
           __end_of_main 02EA                   ??_main 007B                   _ADCON1 009F  
                 _ADRESH 001E                   _ADRESL 009E                   _INTCON 000B  
       __end_of___xxtofl 02AC                ??___fldiv 002E                   saved_w 007E  
           ___xxtofl@arg 0022             ___xxtofl@exp 0021             ___xxtofl@val 0073  
__end_of__initialization 000F           __pcstackCOMMON 0070               __pmaintext 02AC  
             __pintentry 0004                ?___xxtofl 0073  __size_of_my_isr_routine 001C  
                ___fldiv 0013                  __ptext1 01F0                  __ptext2 0013  
                __ptext3 02EA               ??___xxtofl 0077                  main@ADC 0040  
   end_of_initialization 000F            ___xxtofl@sign 0020              ___fldiv@grs 003A  
            ___fldiv@rem 0033      start_initialization 000F           _my_isr_routine 02EA  
              ___fldiv@a 0026                ___fldiv@b 002A                ___latbits 0002  
          __pcstackBANK0 0020   __end_of_my_isr_routine 0306        __size_of___xxtofl 00BC  
               ?___fldiv 0026          ?_my_isr_routine 0070        interrupt_function 0004  
             _ADCON0bits 001F         __size_of___fldiv 01DD                 ___xxtofl 01F0  
          __size_of_main 003E               _INTCONbits 000B                 intlevel1 0000  
       ??_my_isr_routine 0070               _OPTION_REG 0081  
